<?xml version="1.0" encoding="UTF-8"?>
<!-- Generated by org.testng.reporters.JUnitReportReporter -->
<testsuite skipped="0" hostname="IN-IT1112" name="com.qa.amazonTestCases.AmazonProductsPageTest" tests="6" failures="0" timestamp="20 Apr 2019 14:39:53 GMT" time="37.837" errors="0">
  <testcase name="checkProductSearchFuntionality" time="5.888" classname="com.qa.amazonTestCases.AmazonProductsPageTest"/>
  <testcase name="checkProductSearchFuntionality" time="9.271" classname="com.qa.amazonTestCases.AmazonProductsPageTest"/>
  <testcase name="checkProductSearchFuntionality" time="4.648" classname="com.qa.amazonTestCases.AmazonProductsPageTest"/>
  <testcase name="checkProductSearchFuntionality" time="7.951" classname="com.qa.amazonTestCases.AmazonProductsPageTest"/>
  <testcase name="checkProductSearchFuntionality" time="4.241" classname="com.qa.amazonTestCases.AmazonProductsPageTest"/>
  <testcase name="checkProductSearchFuntionality" time="5.838" classname="com.qa.amazonTestCases.AmazonProductsPageTest"/>
</testsuite> <!-- com.qa.amazonTestCases.AmazonProductsPageTest -->
