<?xml version="1.0" encoding="UTF-8"?>
<!-- Generated by org.testng.reporters.JUnitReportReporter -->
<testsuite skipped="0" hostname="IN-IT1112" name="com.qa.amazonTestCases.ProductsPage" tests="2" failures="0" timestamp="20 Apr 2019 11:06:50 GMT" time="11.608" errors="0">
  <testcase name="tearDown" time="2.116" classname="com.qa.amazonTestCases.ProductsPage"/>
  <testcase name="checkProductSearchFuntionality" time="9.492" classname="com.qa.amazonTestCases.ProductsPage"/>
</testsuite> <!-- com.qa.amazonTestCases.ProductsPage -->
