<?xml version="1.0" encoding="UTF-8"?>
<!-- Generated by org.testng.reporters.JUnitReportReporter -->
<testsuite skipped="0" hostname="IN-IT1112" name="com.qa.amazonTestCases.AmazonProductsPageTest" tests="6" failures="0" timestamp="20 Apr 2019 14:36:19 GMT" time="40.393" errors="0">
  <testcase name="checkProductSearchFuntionality" time="8.373" classname="com.qa.amazonTestCases.AmazonProductsPageTest"/>
  <testcase name="checkProductSearchFuntionality" time="4.875" classname="com.qa.amazonTestCases.AmazonProductsPageTest"/>
  <testcase name="checkProductSearchFuntionality" time="5.079" classname="com.qa.amazonTestCases.AmazonProductsPageTest"/>
  <testcase name="checkProductSearchFuntionality" time="11.085" classname="com.qa.amazonTestCases.AmazonProductsPageTest"/>
  <testcase name="checkProductSearchFuntionality" time="5.123" classname="com.qa.amazonTestCases.AmazonProductsPageTest"/>
  <testcase name="checkProductSearchFuntionality" time="5.858" classname="com.qa.amazonTestCases.AmazonProductsPageTest"/>
</testsuite> <!-- com.qa.amazonTestCases.AmazonProductsPageTest -->
